<?xml version="1.0" encoding="UTF-8"?>
<!-- Generated by org.testng.reporters.JUnitXMLReporter -->
<testsuite ignored="0" hostname="QSP" failures="0" tests="6" name="Test1" time="17.148" errors="0" timestamp="2024-05-27T09:10:07 IST">
  <testcase classname="TestNgFashion.AjioShop" name="ajio" time="9.552"/>
  <testcase classname="TestNgTravel.AbhiAbhi" name="abhiBus" time="9.755"/>
  <testcase classname="TestNgFashion.DemoWebShop" name="dws" time="9.939"/>
  <testcase classname="TestNgFashion.KalkiShop" name="kalki" time="7.332"/>
  <testcase classname="TestNgTravel.RedBus" name="redbus" time="7.234"/>
  <testcase classname="TestNgTravel.MakeMyTrip" name="makeMyTrip" time="7.126"/>
</testsuite> <!-- Test1 -->
