<?xml version="1.0" encoding="UTF-8"?>
<!-- Generated by org.testng.reporters.JUnitXMLReporter -->
<testsuite ignored="0" hostname="QSP" failures="0" tests="6" name="Test2" time="17.801" errors="0" timestamp="2024-05-20T11:09:36 IST">
  <testcase classname="TestNgTravel.AbhiAbhi" name="abhiBus" time="6.503"/>
  <testcase classname="TestNgFashion.DemoWebShop" name="dws" time="8.549"/>
  <testcase classname="TestNgFashion.KalkiShop" name="kalki" time="5.521"/>
  <testcase classname="TestNgFashion.AjioShop" name="ajio" time="13.446"/>
  <testcase classname="TestNgTravel.RedBus" name="redbus" time="7.495"/>
  <testcase classname="TestNgTravel.MakeMyTrip" name="makeMyTrip" time="5.76"/>
</testsuite> <!-- Test2 -->
